2011-02-05 15:30:45 Debug: Notice (1024): Please change the value of 'Security.salt' in app/config/core.php to a salt value specific to your application in [C:\vhosts\_libraries\cake_1.2.5\cake\libs\debugger.php, line 549]
2011-02-05 15:50:09 Debug: Notice (8): Undefined index: type in [C:\vhosts\recipe_manager\app\views\types\index.ctp, line 6]
2011-02-05 15:50:39 Debug: Notice (8): Undefined index: type in [C:\vhosts\recipe_manager\app\views\types\index.ctp, line 6]
2011-02-05 15:54:02 Debug: Notice (8): Undefined index: type in [C:\vhosts\recipe_manager\app\views\types\index.ctp, line 6]
2011-02-05 15:54:23 Debug: Notice (8): Undefined index: type in [C:\vhosts\recipe_manager\app\views\types\index.ctp, line 6]
2011-02-05 15:56:46 Debug: Notice (8): Undefined index: type in [C:\vhosts\recipe_manager\app\views\types\index.ctp, line 6]
2011-02-05 16:01:31 Debug: Notice (8): Undefined property: Recipe::$Types in [C:\vhosts\recipe_manager\app\controllers\recipes_controller.php, line 74]
2011-02-05 16:02:07 Debug: Notice (8): Undefined property: Recipe::$Types in [C:\vhosts\recipe_manager\app\controllers\recipes_controller.php, line 74]
2011-02-05 16:02:09 Debug: Notice (8): Undefined property: Recipe::$Types in [C:\vhosts\recipe_manager\app\controllers\recipes_controller.php, line 74]
2011-02-05 16:08:46 Debug: Notice (8): Undefined index: Type in [C:\vhosts\recipe_manager\app\views\tags\index.ctp, line 5]
2011-02-05 16:08:46 Debug: Notice (8): Undefined index: Type in [C:\vhosts\recipe_manager\app\views\tags\index.ctp, line 6]
2011-02-05 16:08:46 Debug: Notice (8): Undefined index: Type in [C:\vhosts\recipe_manager\app\views\tags\index.ctp, line 7]
2011-02-05 16:08:46 Debug: Notice (8): Undefined index: Type in [C:\vhosts\recipe_manager\app\views\tags\index.ctp, line 8]
2011-02-05 16:10:50 Debug: Notice (8): Undefined property: Recipe::$Tags in [C:\vhosts\recipe_manager\app\controllers\recipes_controller.php, line 74]
2011-02-05 16:12:45 Debug: Notice (8): Undefined index: name in [C:\vhosts\recipe_manager\app\views\recipes\index.ctp, line 6]
2011-02-05 16:12:45 Debug: Notice (8): Undefined index: type in [C:\vhosts\recipe_manager\app\views\recipes\index.ctp, line 7]
2011-02-05 16:13:21 Debug: Notice (8): Undefined index: name in [C:\vhosts\recipe_manager\app\views\recipes\index.ctp, line 6]
2011-02-05 16:13:21 Debug: Notice (8): Undefined index: tags in [C:\vhosts\recipe_manager\app\views\recipes\index.ctp, line 7]
2011-02-05 16:13:26 Debug: Notice (8): Undefined index: name in [C:\vhosts\recipe_manager\app\views\recipes\index.ctp, line 6]
2011-02-05 16:13:26 Debug: Notice (8): Undefined index: tag in [C:\vhosts\recipe_manager\app\views\recipes\index.ctp, line 7]
2011-02-05 16:15:19 Debug: Notice (8): Undefined index: tag in [C:\vhosts\recipe_manager\app\views\recipes\index.ctp, line 7]
2011-02-05 16:17:06 Debug: Notice (8): Undefined index: tag in [C:\vhosts\recipe_manager\app\views\recipes\index.ctp, line 7]
2011-02-05 16:17:31 Debug: Notice (8): Undefined index: tag in [C:\vhosts\recipe_manager\app\views\recipes\index.ctp, line 7]
2011-02-05 16:40:00 Debug: Notice (8): Undefined variable: row in [C:\vhosts\recipe_manager\app\views\recipes\edit.ctp, line 10]
2011-02-05 16:41:16 Debug: Notice (8): Undefined variable: row in [C:\vhosts\recipe_manager\app\views\recipes\edit.ctp, line 10]
2011-02-05 16:43:26 Debug: Notice (8): Undefined variable: row in [C:\vhosts\recipe_manager\app\views\recipes\edit.ctp, line 9]
2011-02-05 17:01:39 Debug: Notice (8): Undefined variable: javascript in [C:\vhosts\recipe_manager\app\views\layouts\default.ctp, line 7]
2011-02-07 11:17:37 Debug: Notice (8): Undefined variable: res in [C:\vhosts\recipe_manager\app\views\elements\ingredient_row.ctp, line 58]
2011-02-07 11:39:10 Debug: Notice (8): Undefined variable: ingredients in [C:\vhosts\recipe_manager\app\controllers\recipes_controller.php, line 94]
2011-02-07 11:40:06 Debug: Notice (8): Undefined variable: ingrediet in [C:\vhosts\recipe_manager\app\controllers\recipes_controller.php, line 122]
2011-02-07 11:45:45 Debug: Notice (8): Undefined offset: 0 in [C:\vhosts\recipe_manager\app\controllers\recipes_controller.php, line 125]
2011-02-07 11:47:18 Debug: Notice (8): Undefined offset: 0 in [C:\vhosts\recipe_manager\app\controllers\recipes_controller.php, line 125]
2011-02-07 11:48:07 Debug: Notice (8): Undefined offset: 0 in [C:\vhosts\recipe_manager\app\controllers\recipes_controller.php, line 125]
2011-02-07 11:49:16 Debug: Notice (8): Undefined offset: 0 in [C:\vhosts\recipe_manager\app\controllers\recipes_controller.php, line 124]
2011-02-07 11:49:16 Debug: Notice (8): Undefined offset: 0 in [C:\vhosts\recipe_manager\app\controllers\recipes_controller.php, line 126]
2011-02-07 11:49:57 Debug: Notice (8): Undefined offset: 0 in [C:\vhosts\recipe_manager\app\controllers\recipes_controller.php, line 125]
2011-02-07 11:50:37 Debug: Notice (8): Undefined offset: 0 in [C:\vhosts\recipe_manager\app\controllers\recipes_controller.php, line 125]
2011-02-07 11:50:37 Debug: Notice (8): Undefined offset: 0 in [C:\vhosts\recipe_manager\app\controllers\recipes_controller.php, line 135]
2011-02-07 12:06:40 Debug: Notice (8): Undefined offset: 0 in [C:\vhosts\recipe_manager\app\controllers\recipes_controller.php, line 128]
2011-02-07 12:45:09 Debug: Notice (8): Undefined index: instruction in [C:\vhosts\recipe_manager\app\models\recipe.php, line 59]
2011-02-07 12:45:10 Debug: Notice (8): Undefined index: instruction in [C:\vhosts\recipe_manager\app\models\recipe.php, line 70]
2011-02-07 13:03:02 Debug: Notice (8): Undefined index: term in [C:\vhosts\recipe_manager\app\controllers\ingredient_instructions_controller.php, line 181]
2011-02-07 13:04:50 Debug: Notice (8): Undefined index: term in [C:\vhosts\recipe_manager\app\controllers\ingredient_instructions_controller.php, line 181]
2011-02-07 13:06:24 Debug: Notice (8): Undefined index: term in [C:\vhosts\recipe_manager\app\controllers\ingredient_instructions_controller.php, line 181]
2011-02-07 13:07:01 Debug: Notice (8): Undefined index: term in [C:\vhosts\recipe_manager\app\controllers\ingredient_instructions_controller.php, line 181]
2011-02-07 13:08:30 Debug: Notice (8): Undefined index: term in [C:\vhosts\recipe_manager\app\controllers\tags_controller.php, line 181]
2011-02-07 14:07:15 Debug: Notice (8): Undefined variable: params in [C:\vhosts\recipe_manager\app\controllers\recipes_controller.php, line 35]
2011-02-07 14:15:55 Debug: Notice (8): Undefined index: menu in [C:\vhosts\recipe_manager\app\views\menus\index.ctp, line 14]
2011-02-07 14:16:57 Debug: Notice (8): Undefined property: Menu::$Tag in [C:\vhosts\recipe_manager\app\controllers\menus_controller.php, line 110]
2011-02-07 14:19:10 Debug: Notice (8): Undefined variable: recipes in [C:\vhosts\recipe_manager\app\views\elements\recipe_row.ctp, line 5]
2011-02-07 14:50:16 Debug: Notice (8): Undefined index: menu in [C:\vhosts\recipe_manager\app\views\menus\index.ctp, line 14]
2011-02-07 14:51:12 Debug: Notice (8): Undefined index: menu in [C:\vhosts\recipe_manager\app\views\menus\index.ctp, line 14]
2011-02-07 14:53:00 Debug: Notice (8): Undefined index: menu in [C:\vhosts\recipe_manager\app\views\menus\index.ctp, line 14]
2011-02-07 14:54:30 Debug: Notice (8): Undefined property: Menu::$Tag in [C:\vhosts\recipe_manager\app\controllers\menus_controller.php, line 110]
2011-02-07 14:54:37 Debug: Notice (8): Undefined property: Menu::$Tag in [C:\vhosts\recipe_manager\app\controllers\menus_controller.php, line 110]
2011-02-07 14:55:24 Debug: Notice (8): Undefined variable: recipes in [C:\vhosts\recipe_manager\app\views\elements\recipe_row.ctp, line 5]
2011-02-07 14:59:43 Debug: Notice (8): Undefined variable: recipes in [C:\vhosts\recipe_manager\app\views\elements\recipe_row.ctp, line 5]
2011-02-07 15:00:35 Debug: Notice (8): Undefined variable: recipes in [C:\vhosts\recipe_manager\app\views\elements\recipe_row.ctp, line 5]
2011-02-07 15:00:55 Debug: Notice (8): Undefined property: MenusController::$Recipe in [C:\vhosts\recipe_manager\app\controllers\menus_controller.php, line 172]
2011-02-07 15:15:42 Debug: Notice (8): Trying to get property of non-object in [C:\vhosts\recipe_manager\app\controllers\menus_controller.php, line 44]
2011-02-07 15:16:19 Debug: Notice (8): Trying to get property of non-object in [C:\vhosts\recipe_manager\app\controllers\menus_controller.php, line 45]
2011-02-07 15:17:07 Debug: Notice (8): Trying to get property of non-object in [C:\vhosts\recipe_manager\app\controllers\menus_controller.php, line 47]
2011-02-07 15:21:54 Debug: Notice (8): Undefined index: ingredients in [C:\vhosts\recipe_manager\app\controllers\menus_controller.php, line 54]
2011-02-07 15:22:05 Debug: Notice (8): Undefined index: ingredient in [C:\vhosts\recipe_manager\app\controllers\menus_controller.php, line 54]
2011-02-07 15:22:06 Debug: Notice (8): Undefined index: ingredient in [C:\vhosts\recipe_manager\app\controllers\menus_controller.php, line 54]
2011-02-07 15:22:26 Debug: Notice (8): Undefined index: ingredient in [C:\vhosts\recipe_manager\app\controllers\menus_controller.php, line 55]
2011-02-07 15:35:01 Debug: Notice (8): Undefined index: C in [C:\vhosts\recipe_manager\app\controllers\menus_controller.php, line 77]
2011-02-07 15:35:01 Debug: Notice (8): Undefined index: tsp. in [C:\vhosts\recipe_manager\app\controllers\menus_controller.php, line 77]
2011-02-07 15:35:56 Debug: Notice (8): Undefined index: C in [C:\vhosts\recipe_manager\app\controllers\menus_controller.php, line 77]
2011-02-07 15:35:56 Debug: Notice (8): Undefined index: tsp. in [C:\vhosts\recipe_manager\app\controllers\menus_controller.php, line 77]
2011-02-07 15:45:20 Debug: Notice (8): Undefined index: amount in [C:\vhosts\recipe_manager\app\views\menus\shopping_list.ctp, line 14]
2011-02-07 15:45:29 Debug: Notice (8): Undefined index: amount in [C:\vhosts\recipe_manager\app\views\menus\shopping_list.ctp, line 14]
2011-02-07 15:45:58 Debug: Notice (8): Undefined index: C in [C:\vhosts\recipe_manager\app\controllers\menus_controller.php, line 77]
2011-02-07 15:45:58 Debug: Notice (8): Undefined index: amount in [C:\vhosts\recipe_manager\app\controllers\menus_controller.php, line 77]
2011-02-07 15:45:58 Debug: Notice (8): Undefined index: tsp. in [C:\vhosts\recipe_manager\app\controllers\menus_controller.php, line 77]
2011-02-07 15:45:58 Debug: Notice (8): Undefined index: amount in [C:\vhosts\recipe_manager\app\views\menus\shopping_list.ctp, line 14]
2011-02-07 15:47:22 Debug: Notice (8): Undefined index: amount in [C:\vhosts\recipe_manager\app\views\menus\shopping_list.ctp, line 14]
2011-02-07 15:52:36 Debug: Notice (8): Undefined index: ingredient in [C:\vhosts\recipe_manager\app\views\menus\shopping_list.ctp, line 13]
2011-02-07 15:52:36 Debug: Notice (8): Undefined index: amount in [C:\vhosts\recipe_manager\app\views\menus\shopping_list.ctp, line 14]
2011-02-07 15:53:30 Debug: Notice (8): Undefined index: ingredient in [C:\vhosts\recipe_manager\app\views\menus\shopping_list.ctp, line 13]
2011-02-07 15:53:30 Debug: Notice (8): Undefined index: amount in [C:\vhosts\recipe_manager\app\views\menus\shopping_list.ctp, line 14]
2011-02-07 15:53:56 Debug: Notice (8): Undefined index: ingredient in [C:\vhosts\recipe_manager\app\views\menus\shopping_list.ctp, line 13]
2011-02-07 15:53:56 Debug: Notice (8): Undefined index: amount in [C:\vhosts\recipe_manager\app\views\menus\shopping_list.ctp, line 14]
2011-02-07 16:28:35 Debug: Notice (8): Trying to get property of non-object in [C:\vhosts\recipe_manager\app\views\menus\shopping_list.ctp, line 12]
2011-02-07 16:28:35 Debug: Notice (8): Trying to get property of non-object in [C:\vhosts\recipe_manager\app\views\menus\shopping_list.ctp, line 13]
2011-02-07 16:28:35 Debug: Notice (8): Trying to get property of non-object in [C:\vhosts\recipe_manager\app\views\menus\shopping_list.ctp, line 14]
2011-02-07 16:29:22 Debug: Notice (8): Trying to get property of non-object in [C:\vhosts\recipe_manager\app\views\menus\shopping_list.ctp, line 12]
2011-02-07 16:29:22 Debug: Notice (8): Trying to get property of non-object in [C:\vhosts\recipe_manager\app\views\menus\shopping_list.ctp, line 13]
2011-02-07 16:29:22 Debug: Notice (8): Trying to get property of non-object in [C:\vhosts\recipe_manager\app\views\menus\shopping_list.ctp, line 14]
2011-02-13 10:10:39 Debug: Notice (8): Undefined variable: paginator in [C:\vhosts\recipe_manager\app\views\tags\index.ctp, line 4]
2011-02-13 10:17:42 Debug: Notice (8): Undefined variable: paginator in [C:\vhosts\recipe_manager\app\views\menus\index.ctp, line 4]
2011-02-14 08:48:00 Debug: Notice (8): Use of undefined constant Security - assumed 'Security' in [C:\vhosts\recipe_manager\app\controllers\app_controller.php, line 25]
2011-02-14 17:11:37 Debug: Notice (1024): connecting to mongohq.com:27058 failed: Unknown error in [C:\vhosts\_libraries\cake_1.3.7\plugins\mongodb\models\datasources\mongodb_source.php, line 201]
2011-02-14 17:14:12 Debug: Notice (1024): connecting to mongohq.com:27058 failed: Unknown error in [C:\vhosts\_libraries\cake_1.3.7\plugins\mongodb\models\datasources\mongodb_source.php, line 201]
2011-02-14 17:14:24 Debug: Notice (1024): connecting to mongohq.com:27058 failed: Unknown error in [C:\vhosts\_libraries\cake_1.3.7\plugins\mongodb\models\datasources\mongodb_source.php, line 201]
2011-02-14 17:14:44 Debug: Notice (1024): connecting to mongohq.com:27058 failed: Unknown error in [C:\vhosts\_libraries\cake_1.3.7\plugins\mongodb\models\datasources\mongodb_source.php, line 201]
2011-02-14 17:17:42 Debug: Notice (1024): connecting to mongohq.com:27058 failed: Unknown error in [C:\vhosts\_libraries\cake_1.3.7\plugins\mongodb\models\datasources\mongodb_source.php, line 201]
2011-02-14 17:30:21 Debug: Notice (1024): connecting to https://mongohq.com:27058 failed: couldn't get host info for https in [C:\vhosts\_libraries\cake_1.3.7\plugins\mongodb\models\datasources\mongodb_source.php, line 201]
