2011-02-06 12:37:12 Warning: Warning (2): mysql_connect() [<a href='http://php.net/function.mysql-connect'>function.mysql-connect</a>]: [2002] No connection could be made because the target machine actively  (trying to connect via tcp://localhost:3306) in [C:\vhosts\_libraries\cake_1.3.7\cake\libs\model\datasources\dbo\dbo_mysql.php, line 552]
2011-02-06 12:37:12 Warning: Warning (2): mysql_connect() [<a href='http://php.net/function.mysql-connect'>function.mysql-connect</a>]: No connection could be made because the target machine actively refused it.
 in [C:\vhosts\_libraries\cake_1.3.7\cake\libs\model\datasources\dbo\dbo_mysql.php, line 552]
2011-02-06 12:37:12 Warning: Warning (2): mysql_select_db() expects parameter 2 to be resource, boolean given in [C:\vhosts\_libraries\cake_1.3.7\cake\libs\model\datasources\dbo\dbo_mysql.php, line 558]
2011-02-06 12:37:12 Warning: Warning (2): mysql_get_server_info() expects parameter 1 to be resource, boolean given in [C:\vhosts\_libraries\cake_1.3.7\cake\libs\model\datasources\dbo\dbo_mysql.php, line 566]
2011-02-06 12:37:12 Warning: Warning (2): mysql_query() expects parameter 2 to be resource, boolean given in [C:\vhosts\_libraries\cake_1.3.7\cake\libs\model\datasources\dbo\dbo_mysql.php, line 600]
2011-02-06 12:37:12 Warning: Warning (2): Cannot modify header information - headers already sent by (output started at C:\vhosts\_libraries\cake_1.3.7\cake\libs\debugger.php:673) in [C:\vhosts\_libraries\cake_1.3.7\cake\libs\controller\controller.php, line 742]
2011-02-06 12:39:22 Warning: Warning (2): Illegal offset type in [C:\vhosts\_libraries\cake_1.3.7\cake\libs\model\model.php, line 614]
2011-02-06 12:39:22 Warning: Warning (2): strpos() expects parameter 1 to be string, array given in [C:\vhosts\_libraries\cake_1.3.7\cake\libs\model\model.php, line 616]
2011-02-06 12:39:22 Warning: Warning (2): Illegal offset type in [C:\vhosts\_libraries\cake_1.3.7\cake\libs\model\model.php, line 617]
2011-02-06 12:39:22 Warning: Warning (2): Illegal offset type in unset in [C:\vhosts\_libraries\cake_1.3.7\cake\libs\model\model.php, line 618]
2011-02-06 12:39:22 Warning: Warning (2): strpos() expects parameter 1 to be string, array given in [C:\vhosts\_libraries\cake_1.3.7\cake\basics.php, line 237]
2011-02-06 12:39:22 Warning: Warning (2): explode() expects parameter 2 to be string, array given in [C:\vhosts\_libraries\cake_1.3.7\cake\basics.php, line 238]
2011-02-06 12:52:43 Warning: Warning (2): preg_match() [<a href='http://php.net/function.preg-match'>function.preg-match</a>]: Compilation failed: nothing to repeat at offset 1 in [C:\vhosts\recipe_manager\app\controllers\ingredients_controller.php, line 189]
2011-02-06 12:53:29 Warning: Warning (2): preg_match() [<a href='http://php.net/function.preg-match'>function.preg-match</a>]: Compilation failed: nothing to repeat at offset 1 in [C:\vhosts\recipe_manager\app\controllers\ingredients_controller.php, line 189]
2011-02-06 12:54:10 Warning: Warning (2): preg_match() [<a href='http://php.net/function.preg-match'>function.preg-match</a>]: Compilation failed: nothing to repeat at offset 1 in [C:\vhosts\recipe_manager\app\controllers\ingredients_controller.php, line 189]
2011-02-06 19:04:29 Warning: Warning (2): Missing argument 1 for IngredientsController::isNewIngredient() in [C:\vhosts\recipe_manager\app\controllers\ingredients_controller.php, line 151]
2011-02-06 19:05:06 Warning: Warning (2): Missing argument 1 for IngredientsController::isNewIngredient() in [C:\vhosts\recipe_manager\app\controllers\ingredients_controller.php, line 151]
2011-02-06 19:06:46 Warning: Warning (2): Missing argument 1 for IngredientsController::isNewIngredient() in [C:\vhosts\recipe_manager\app\controllers\ingredients_controller.php, line 151]
2011-02-06 19:06:47 Warning: Warning (2): Missing argument 1 for IngredientsController::isNewIngredient() in [C:\vhosts\recipe_manager\app\controllers\ingredients_controller.php, line 151]
2011-02-06 19:21:19 Warning: Warning (2): Invalid argument supplied for foreach() in [C:\vhosts\recipe_manager\app\controllers\recipes_controller.php, line 66]
2011-02-06 19:21:35 Warning: Warning (2): MongoDB::command() expects parameter 1 to be an array or object in [C:\vhosts\_libraries\cake_1.3.7\plugins\mongodb\models\datasources\mongodb_source.php, line 964]
2011-02-06 19:26:08 Warning: Warning (2): MongoDB::command() expects parameter 1 to be an array or object in [C:\vhosts\_libraries\cake_1.3.7\plugins\mongodb\models\datasources\mongodb_source.php, line 964]
2011-02-06 19:29:20 Warning: Warning (2): MongoDB::command() expects parameter 1 to be an array or object in [C:\vhosts\_libraries\cake_1.3.7\plugins\mongodb\models\datasources\mongodb_source.php, line 964]
2011-02-06 19:34:02 Warning: Warning (2): MongoDB::command() expects parameter 1 to be an array or object in [C:\vhosts\_libraries\cake_1.3.7\plugins\mongodb\models\datasources\mongodb_source.php, line 964]
2011-02-06 19:35:22 Warning: Warning (2): MongoDB::command() expects parameter 1 to be an array or object in [C:\vhosts\_libraries\cake_1.3.7\plugins\mongodb\models\datasources\mongodb_source.php, line 964]
2011-02-06 19:36:14 Warning: Warning (2): MongoDB::command() expects parameter 1 to be an array or object in [C:\vhosts\_libraries\cake_1.3.7\plugins\mongodb\models\datasources\mongodb_source.php, line 964]
2011-02-06 19:37:47 Warning: Warning (2): MongoDB::command() expects parameter 1 to be an array or object in [C:\vhosts\_libraries\cake_1.3.7\plugins\mongodb\models\datasources\mongodb_source.php, line 964]
2011-02-06 19:39:05 Warning: Warning (2): MongoDB::command() expects parameter 1 to be an array or object in [C:\vhosts\_libraries\cake_1.3.7\plugins\mongodb\models\datasources\mongodb_source.php, line 964]
2011-02-06 19:41:33 Warning: Warning (2): MongoDB::command() expects parameter 1 to be an array or object in [C:\vhosts\_libraries\cake_1.3.7\plugins\mongodb\models\datasources\mongodb_source.php, line 964]
2011-02-06 19:41:40 Warning: Warning (2): MongoDB::command() expects parameter 1 to be an array or object in [C:\vhosts\_libraries\cake_1.3.7\plugins\mongodb\models\datasources\mongodb_source.php, line 964]
2011-02-06 19:41:49 Warning: Warning (2): MongoDB::command() expects parameter 1 to be an array or object in [C:\vhosts\_libraries\cake_1.3.7\plugins\mongodb\models\datasources\mongodb_source.php, line 964]
2011-02-06 19:42:49 Warning: Warning (2): MongoDB::command() expects parameter 1 to be an array or object in [C:\vhosts\_libraries\cake_1.3.7\plugins\mongodb\models\datasources\mongodb_source.php, line 964]
2011-02-06 19:43:03 Warning: Warning (2): MongoDB::command() expects parameter 1 to be an array or object in [C:\vhosts\_libraries\cake_1.3.7\plugins\mongodb\models\datasources\mongodb_source.php, line 964]
2011-02-06 19:43:37 Warning: Warning (2): MongoDB::command() expects parameter 1 to be an array or object in [C:\vhosts\_libraries\cake_1.3.7\plugins\mongodb\models\datasources\mongodb_source.php, line 964]
2011-02-06 19:43:53 Warning: Warning (2): MongoDB::command() expects parameter 1 to be an array or object in [C:\vhosts\_libraries\cake_1.3.7\plugins\mongodb\models\datasources\mongodb_source.php, line 964]
2011-02-06 19:44:07 Warning: Warning (2): MongoDB::command() expects parameter 1 to be an array or object in [C:\vhosts\_libraries\cake_1.3.7\plugins\mongodb\models\datasources\mongodb_source.php, line 964]
2011-02-06 19:44:14 Warning: Warning (2): MongoDB::command() expects parameter 1 to be an array or object in [C:\vhosts\_libraries\cake_1.3.7\plugins\mongodb\models\datasources\mongodb_source.php, line 964]
2011-02-06 19:45:10 Warning: Warning (2): MongoDB::command() expects parameter 1 to be an array or object in [C:\vhosts\_libraries\cake_1.3.7\plugins\mongodb\models\datasources\mongodb_source.php, line 964]
2011-02-06 19:46:14 Warning: Warning (2): MongoDB::command() expects parameter 1 to be an array or object in [C:\vhosts\_libraries\cake_1.3.7\plugins\mongodb\models\datasources\mongodb_source.php, line 964]
2011-02-06 19:46:30 Warning: Warning (2): MongoDB::command() expects parameter 1 to be an array or object in [C:\vhosts\_libraries\cake_1.3.7\plugins\mongodb\models\datasources\mongodb_source.php, line 964]
2011-02-06 19:46:59 Warning: Warning (2): MongoDB::command() expects parameter 1 to be an array or object in [C:\vhosts\_libraries\cake_1.3.7\plugins\mongodb\models\datasources\mongodb_source.php, line 964]
2011-02-06 19:49:01 Warning: Warning (2): MongoDB::command() expects parameter 1 to be an array or object in [C:\vhosts\_libraries\cake_1.3.7\plugins\mongodb\models\datasources\mongodb_source.php, line 964]
2011-02-06 19:51:00 Warning: Warning (2): MongoDB::command() expects parameter 1 to be an array or object in [C:\vhosts\_libraries\cake_1.3.7\plugins\mongodb\models\datasources\mongodb_source.php, line 965]
2011-02-06 19:52:25 Warning: Warning (2): MongoDB::command() expects parameter 1 to be an array or object in [C:\vhosts\_libraries\cake_1.3.7\plugins\mongodb\models\datasources\mongodb_source.php, line 965]
2011-02-07 07:29:05 Warning: Warning (2): Missing argument 1 for Model::beforeFind(), called in C:\vhosts\recipe_manager\app\models\app_model.php on line 25 and defined in [C:\vhosts\_libraries\cake_1.3.7\cake\libs\model\model.php, line 2939]
2011-02-07 07:29:05 Warning: Warning (2): Missing argument 1 for Model::beforeFind(), called in C:\vhosts\recipe_manager\app\models\app_model.php on line 25 and defined in [C:\vhosts\_libraries\cake_1.3.7\cake\libs\model\model.php, line 2939]
2011-02-07 07:29:05 Warning: Warning (2): Missing argument 1 for Model::beforeFind(), called in C:\vhosts\recipe_manager\app\models\app_model.php on line 25 and defined in [C:\vhosts\_libraries\cake_1.3.7\cake\libs\model\model.php, line 2939]
2011-02-07 07:30:24 Warning: Warning (2): Cannot modify header information - headers already sent by (output started at C:\vhosts\recipe_manager\app\models\app_model.php:24) in [C:\vhosts\recipe_manager\app\views\elements\ajax_response.ctp, line 2]
2011-02-07 07:30:24 Warning: Warning (2): Cannot modify header information - headers already sent by (output started at C:\vhosts\recipe_manager\app\models\app_model.php:24) in [C:\vhosts\recipe_manager\app\views\elements\ajax_response.ctp, line 2]
2011-02-07 07:30:25 Warning: Warning (2): Cannot modify header information - headers already sent by (output started at C:\vhosts\recipe_manager\app\models\app_model.php:24) in [C:\vhosts\recipe_manager\app\views\elements\ajax_response.ctp, line 3]
2011-02-07 07:30:25 Warning: Warning (2): Cannot modify header information - headers already sent by (output started at C:\vhosts\recipe_manager\app\models\app_model.php:24) in [C:\vhosts\recipe_manager\app\views\elements\ajax_response.ctp, line 3]
2011-02-07 07:39:38 Warning: Warning (2): MongoDB::command() expects parameter 1 to be an array or object in [C:\vhosts\_libraries\cake_1.3.7\plugins\mongodb\models\datasources\mongodb_source.php, line 965]
2011-02-07 07:46:09 Warning: Warning (2): Missing argument 1 for AppModel::afterDelete(), called in C:\vhosts\_libraries\cake_1.3.7\cake\libs\model\model.php on line 1839 and defined in [C:\vhosts\recipe_manager\app\models\app_model.php, line 52]
2011-02-07 07:47:01 Warning: Warning (2): MongoDB::command() expects parameter 1 to be an array or object in [C:\vhosts\_libraries\cake_1.3.7\plugins\mongodb\models\datasources\mongodb_source.php, line 965]
2011-02-07 07:48:49 Warning: Warning (2): MongoDB::command() expects parameter 1 to be an array or object in [C:\vhosts\_libraries\cake_1.3.7\plugins\mongodb\models\datasources\mongodb_source.php, line 965]
2011-02-07 07:49:49 Warning: Warning (2): MongoDB::command() expects parameter 1 to be an array or object in [C:\vhosts\_libraries\cake_1.3.7\plugins\mongodb\models\datasources\mongodb_source.php, line 965]
2011-02-07 07:50:33 Warning: Warning (2): MongoDB::command() expects parameter 1 to be an array or object in [C:\vhosts\_libraries\cake_1.3.7\plugins\mongodb\models\datasources\mongodb_source.php, line 965]
2011-02-07 11:02:17 Warning: Warning (2): Invalid argument supplied for foreach() in [C:\vhosts\recipe_manager\app\models\recipe.php, line 53]
2011-02-07 11:03:09 Warning: Warning (2): Invalid argument supplied for foreach() in [C:\vhosts\recipe_manager\app\models\recipe.php, line 54]
2011-02-07 11:39:10 Warning: Warning (2): Invalid argument supplied for foreach() in [C:\vhosts\recipe_manager\app\controllers\recipes_controller.php, line 120]
2011-02-07 13:03:02 Warning: Warning (2): preg_match() [<a href='http://php.net/function.preg-match'>function.preg-match</a>]: Compilation failed: nothing to repeat at offset 1 in [C:\vhosts\recipe_manager\app\controllers\ingredient_instructions_controller.php, line 189]
2011-02-07 13:04:50 Warning: Warning (2): preg_match() [<a href='http://php.net/function.preg-match'>function.preg-match</a>]: Compilation failed: nothing to repeat at offset 1 in [C:\vhosts\recipe_manager\app\controllers\ingredient_instructions_controller.php, line 189]
2011-02-07 13:06:24 Warning: Warning (2): preg_match() [<a href='http://php.net/function.preg-match'>function.preg-match</a>]: Compilation failed: nothing to repeat at offset 1 in [C:\vhosts\recipe_manager\app\controllers\ingredient_instructions_controller.php, line 189]
2011-02-07 13:07:01 Warning: Warning (2): preg_match() [<a href='http://php.net/function.preg-match'>function.preg-match</a>]: Compilation failed: nothing to repeat at offset 1 in [C:\vhosts\recipe_manager\app\controllers\ingredient_instructions_controller.php, line 189]
2011-02-07 13:08:30 Warning: Warning (2): preg_match() [<a href='http://php.net/function.preg-match'>function.preg-match</a>]: Compilation failed: nothing to repeat at offset 1 in [C:\vhosts\recipe_manager\app\controllers\tags_controller.php, line 189]
2011-02-07 15:15:42 Warning: Warning (2): Invalid argument supplied for foreach() in [C:\vhosts\recipe_manager\app\controllers\menus_controller.php, line 44]
2011-02-07 15:16:19 Warning: Warning (2): Invalid argument supplied for foreach() in [C:\vhosts\recipe_manager\app\controllers\menus_controller.php, line 45]
2011-02-07 15:21:54 Warning: Warning (2): Invalid argument supplied for foreach() in [C:\vhosts\recipe_manager\app\controllers\menus_controller.php, line 54]
2011-02-07 15:22:05 Warning: Warning (2): Invalid argument supplied for foreach() in [C:\vhosts\recipe_manager\app\controllers\menus_controller.php, line 54]
2011-02-07 15:22:06 Warning: Warning (2): Invalid argument supplied for foreach() in [C:\vhosts\recipe_manager\app\controllers\menus_controller.php, line 54]
2011-02-07 15:22:26 Warning: Warning (2): Invalid argument supplied for foreach() in [C:\vhosts\recipe_manager\app\controllers\menus_controller.php, line 55]
2011-02-12 07:34:39 Warning: Warning (4096): Argument 2 passed to FractionToDecimal::afterFind() must be an instance of bool, boolean given, called in C:\vhosts\_libraries\cake_1.3.7\cake\libs\model\model.php on line 2378 and defined in [C:\vhosts\recipe_manager\app\models\fraction_to_decimal.php, line 19]
2011-02-12 07:54:03 Warning: Warning (2): Invalid argument supplied for foreach() in [C:\vhosts\recipe_manager\app\controllers\menus_controller.php, line 63]
2011-02-12 07:54:03 Warning: Warning (2): Invalid argument supplied for foreach() in [C:\vhosts\recipe_manager\app\controllers\menus_controller.php, line 63]
2011-02-12 07:54:03 Warning: Warning (2): Invalid argument supplied for foreach() in [C:\vhosts\recipe_manager\app\controllers\menus_controller.php, line 63]
2011-02-12 07:54:03 Warning: Warning (2): Invalid argument supplied for foreach() in [C:\vhosts\recipe_manager\app\controllers\menus_controller.php, line 63]
2011-02-12 07:54:03 Warning: Warning (2): Invalid argument supplied for foreach() in [C:\vhosts\recipe_manager\app\controllers\menus_controller.php, line 63]
2011-02-12 07:56:23 Warning: Warning (2): Invalid argument supplied for foreach() in [C:\vhosts\recipe_manager\app\controllers\menus_controller.php, line 63]
2011-02-12 07:56:23 Warning: Warning (2): Invalid argument supplied for foreach() in [C:\vhosts\recipe_manager\app\controllers\menus_controller.php, line 63]
2011-02-12 07:56:23 Warning: Warning (2): Invalid argument supplied for foreach() in [C:\vhosts\recipe_manager\app\controllers\menus_controller.php, line 63]
2011-02-12 07:56:23 Warning: Warning (2): Invalid argument supplied for foreach() in [C:\vhosts\recipe_manager\app\controllers\menus_controller.php, line 63]
2011-02-12 07:56:23 Warning: Warning (2): Invalid argument supplied for foreach() in [C:\vhosts\recipe_manager\app\controllers\menus_controller.php, line 63]
2011-02-12 07:57:27 Warning: Warning (2): Invalid argument supplied for foreach() in [C:\vhosts\recipe_manager\app\controllers\menus_controller.php, line 63]
2011-02-12 07:57:27 Warning: Warning (2): Invalid argument supplied for foreach() in [C:\vhosts\recipe_manager\app\controllers\menus_controller.php, line 63]
2011-02-12 07:57:27 Warning: Warning (2): Invalid argument supplied for foreach() in [C:\vhosts\recipe_manager\app\controllers\menus_controller.php, line 63]
2011-02-12 07:57:27 Warning: Warning (2): Invalid argument supplied for foreach() in [C:\vhosts\recipe_manager\app\controllers\menus_controller.php, line 63]
2011-02-12 07:57:28 Warning: Warning (2): Invalid argument supplied for foreach() in [C:\vhosts\recipe_manager\app\controllers\menus_controller.php, line 63]
2011-02-12 11:43:43 Warning: Warning (2): Invalid argument supplied for foreach() in [C:\vhosts\recipe_manager\app\views\menus\shopping_list.ctp, line 7]
2011-02-12 11:44:01 Warning: Warning (2): Invalid argument supplied for foreach() in [C:\vhosts\recipe_manager\app\views\menus\shopping_list.ctp, line 7]
2011-02-13 10:10:39 Warning: Warning (512): Controller::paginate() - can't find model Recipe in controller TagsController in [C:\vhosts\_libraries\cake_1.3.7\cake\libs\controller\controller.php, line 1102]
2011-02-13 10:17:42 Warning: Warning (512): Controller::paginate() - can't find model Ingredient in controller MenusController in [C:\vhosts\_libraries\cake_1.3.7\cake\libs\controller\controller.php, line 1102]
2011-02-14 09:39:28 Warning: Warning (2): strtolower() expects parameter 1 to be string, array given in [C:\vhosts\_libraries\cake_1.3.7\cake\libs\controller\components\auth.php, line 617]
2011-02-14 09:39:29 Warning: Warning (2): strtolower() expects parameter 1 to be string, array given in [C:\vhosts\_libraries\cake_1.3.7\cake\libs\controller\components\auth.php, line 617]
2011-02-14 09:39:29 Warning: Warning (2): strtolower() expects parameter 1 to be string, array given in [C:\vhosts\_libraries\cake_1.3.7\cake\libs\controller\components\auth.php, line 617]
2011-02-14 09:39:29 Warning: Warning (2): strtolower() expects parameter 1 to be string, array given in [C:\vhosts\_libraries\cake_1.3.7\cake\libs\controller\components\auth.php, line 617]
2011-02-14 09:39:29 Warning: Warning (2): strtolower() expects parameter 1 to be string, array given in [C:\vhosts\_libraries\cake_1.3.7\cake\libs\controller\components\auth.php, line 617]
2011-02-14 09:39:34 Warning: Warning (2): strtolower() expects parameter 1 to be string, array given in [C:\vhosts\_libraries\cake_1.3.7\cake\libs\controller\components\auth.php, line 617]
2011-02-14 09:39:34 Warning: Warning (2): strtolower() expects parameter 1 to be string, array given in [C:\vhosts\_libraries\cake_1.3.7\cake\libs\controller\components\auth.php, line 617]
2011-02-14 09:39:34 Warning: Warning (2): strtolower() expects parameter 1 to be string, array given in [C:\vhosts\_libraries\cake_1.3.7\cake\libs\controller\components\auth.php, line 617]
2011-02-14 09:39:34 Warning: Warning (2): strtolower() expects parameter 1 to be string, array given in [C:\vhosts\_libraries\cake_1.3.7\cake\libs\controller\components\auth.php, line 617]
2011-02-14 09:39:34 Warning: Warning (2): strtolower() expects parameter 1 to be string, array given in [C:\vhosts\_libraries\cake_1.3.7\cake\libs\controller\components\auth.php, line 617]
2011-02-14 09:39:34 Warning: Warning (2): strtolower() expects parameter 1 to be string, array given in [C:\vhosts\_libraries\cake_1.3.7\cake\libs\controller\components\auth.php, line 617]
2011-02-14 17:38:46 Error: Fatal Error (256): ConnectionManager::getDataSource - Non-existent data source default in [C:\vhosts\_libraries\cake_1.3.7\cake\libs\model\connection_manager.php, line 102]
2011-02-14 17:38:47 Error: Fatal Error (256): ConnectionManager::getDataSource - Non-existent data source default in [C:\vhosts\_libraries\cake_1.3.7\cake\libs\model\connection_manager.php, line 102]
2011-02-14 17:38:47 Error: Fatal Error (256): ConnectionManager::getDataSource - Non-existent data source default in [C:\vhosts\_libraries\cake_1.3.7\cake\libs\model\connection_manager.php, line 102]
2011-02-14 17:38:47 Error: Fatal Error (256): ConnectionManager::getDataSource - Non-existent data source default in [C:\vhosts\_libraries\cake_1.3.7\cake\libs\model\connection_manager.php, line 102]
2011-02-14 17:38:47 Error: Fatal Error (256): ConnectionManager::getDataSource - Non-existent data source default in [C:\vhosts\_libraries\cake_1.3.7\cake\libs\model\connection_manager.php, line 102]
2011-02-14 17:38:51 Error: Fatal Error (256): ConnectionManager::getDataSource - Non-existent data source default in [C:\vhosts\_libraries\cake_1.3.7\cake\libs\model\connection_manager.php, line 102]
2011-02-14 17:38:51 Error: Fatal Error (256): ConnectionManager::getDataSource - Non-existent data source default in [C:\vhosts\_libraries\cake_1.3.7\cake\libs\model\connection_manager.php, line 102]
2011-02-14 17:38:51 Error: Fatal Error (256): ConnectionManager::getDataSource - Non-existent data source default in [C:\vhosts\_libraries\cake_1.3.7\cake\libs\model\connection_manager.php, line 102]
2011-02-14 17:38:51 Error: Fatal Error (256): ConnectionManager::getDataSource - Non-existent data source default in [C:\vhosts\_libraries\cake_1.3.7\cake\libs\model\connection_manager.php, line 102]
2011-02-14 17:38:51 Error: Fatal Error (256): ConnectionManager::getDataSource - Non-existent data source default in [C:\vhosts\_libraries\cake_1.3.7\cake\libs\model\connection_manager.php, line 102]
2011-02-14 17:38:54 Error: Fatal Error (256): ConnectionManager::getDataSource - Non-existent data source default in [C:\vhosts\_libraries\cake_1.3.7\cake\libs\model\connection_manager.php, line 102]
2011-02-14 17:38:55 Error: Fatal Error (256): ConnectionManager::getDataSource - Non-existent data source default in [C:\vhosts\_libraries\cake_1.3.7\cake\libs\model\connection_manager.php, line 102]
2011-02-14 17:38:55 Error: Fatal Error (256): ConnectionManager::getDataSource - Non-existent data source default in [C:\vhosts\_libraries\cake_1.3.7\cake\libs\model\connection_manager.php, line 102]
2011-02-14 17:39:01 Error: Fatal Error (256): ConnectionManager::getDataSource - Non-existent data source default in [C:\vhosts\_libraries\cake_1.3.7\cake\libs\model\connection_manager.php, line 102]
2011-02-14 17:39:01 Error: Fatal Error (256): ConnectionManager::getDataSource - Non-existent data source default in [C:\vhosts\_libraries\cake_1.3.7\cake\libs\model\connection_manager.php, line 102]
2011-02-14 17:39:01 Error: Fatal Error (256): ConnectionManager::getDataSource - Non-existent data source default in [C:\vhosts\_libraries\cake_1.3.7\cake\libs\model\connection_manager.php, line 102]
2011-02-14 17:39:01 Error: Fatal Error (256): ConnectionManager::getDataSource - Non-existent data source default in [C:\vhosts\_libraries\cake_1.3.7\cake\libs\model\connection_manager.php, line 102]
2011-02-14 17:39:02 Error: Fatal Error (256): ConnectionManager::getDataSource - Non-existent data source default in [C:\vhosts\_libraries\cake_1.3.7\cake\libs\model\connection_manager.php, line 102]
